{"total": {"lines":{"total":2929,"covered":2128,"skipped":0,"pct":72.65},"statements":{"total":2929,"covered":2128,"skipped":0,"pct":72.65},"functions":{"total":88,"covered":62,"skipped":0,"pct":70.45},"branches":{"total":145,"covered":126,"skipped":0,"pct":86.89},"branchesTrue":{"total":0,"covered":0,"skipped":0,"pct":100}}
,"D:\\Repos\\TypeScript\\image-grabber-extension\\src\\assets\\components\\ImageView\\ImageView.tsx": {"lines":{"total":99,"covered":19,"skipped":0,"pct":19.19},"functions":{"total":1,"covered":0,"skipped":0,"pct":0},"statements":{"total":99,"covered":19,"skipped":0,"pct":19.19},"branches":{"total":0,"covered":0,"skipped":0,"pct":100}}
,"D:\\Repos\\TypeScript\\image-grabber-extension\\src\\assets\\components\\Layout\\Layout.tsx": {"lines":{"total":27,"covered":27,"skipped":0,"pct":100},"functions":{"total":1,"covered":1,"skipped":0,"pct":100},"statements":{"total":27,"covered":27,"skipped":0,"pct":100},"branches":{"total":1,"covered":1,"skipped":0,"pct":100}}
,"D:\\Repos\\TypeScript\\image-grabber-extension\\src\\assets\\components\\LazyComponent\\LazyComponent.tsx": {"lines":{"total":30,"covered":30,"skipped":0,"pct":100},"functions":{"total":1,"covered":1,"skipped":0,"pct":100},"statements":{"total":30,"covered":30,"skipped":0,"pct":100},"branches":{"total":1,"covered":1,"skipped":0,"pct":100}}
,"D:\\Repos\\TypeScript\\image-grabber-extension\\src\\assets\\components\\MessageManager\\MessageManager.tsx": {"lines":{"total":82,"covered":74,"skipped":0,"pct":90.24},"functions":{"total":3,"covered":2,"skipped":0,"pct":66.66},"statements":{"total":82,"covered":74,"skipped":0,"pct":90.24},"branches":{"total":9,"covered":4,"skipped":0,"pct":44.44}}
,"D:\\Repos\\TypeScript\\image-grabber-extension\\src\\assets\\components\\Page\\Page.tsx": {"lines":{"total":48,"covered":48,"skipped":0,"pct":100},"functions":{"total":1,"covered":1,"skipped":0,"pct":100},"statements":{"total":48,"covered":48,"skipped":0,"pct":100},"branches":{"total":1,"covered":1,"skipped":0,"pct":100}}
,"D:\\Repos\\TypeScript\\image-grabber-extension\\src\\assets\\components\\Portal\\Portal.tsx": {"lines":{"total":21,"covered":21,"skipped":0,"pct":100},"functions":{"total":1,"covered":1,"skipped":0,"pct":100},"statements":{"total":21,"covered":21,"skipped":0,"pct":100},"branches":{"total":3,"covered":3,"skipped":0,"pct":100}}
,"D:\\Repos\\TypeScript\\image-grabber-extension\\src\\assets\\components\\Redirect\\Redirect.tsx": {"lines":{"total":35,"covered":35,"skipped":0,"pct":100},"functions":{"total":1,"covered":1,"skipped":0,"pct":100},"statements":{"total":35,"covered":35,"skipped":0,"pct":100},"branches":{"total":3,"covered":3,"skipped":0,"pct":100}}
,"D:\\Repos\\TypeScript\\image-grabber-extension\\src\\assets\\components\\SplashScreen\\SplashScreen.tsx": {"lines":{"total":32,"covered":32,"skipped":0,"pct":100},"functions":{"total":1,"covered":1,"skipped":0,"pct":100},"statements":{"total":32,"covered":32,"skipped":0,"pct":100},"branches":{"total":1,"covered":1,"skipped":0,"pct":100}}
,"D:\\Repos\\TypeScript\\image-grabber-extension\\src\\assets\\components\\ui\\Button\\Button.tsx": {"lines":{"total":49,"covered":49,"skipped":0,"pct":100},"functions":{"total":2,"covered":2,"skipped":0,"pct":100},"statements":{"total":49,"covered":49,"skipped":0,"pct":100},"branches":{"total":6,"covered":6,"skipped":0,"pct":100}}
,"D:\\Repos\\TypeScript\\image-grabber-extension\\src\\assets\\components\\ui\\CheckBox\\CheckBox.tsx": {"lines":{"total":170,"covered":166,"skipped":0,"pct":97.64},"functions":{"total":2,"covered":1,"skipped":0,"pct":50},"statements":{"total":170,"covered":166,"skipped":0,"pct":97.64},"branches":{"total":9,"covered":9,"skipped":0,"pct":100}}
,"D:\\Repos\\TypeScript\\image-grabber-extension\\src\\assets\\components\\ui\\DragMenu\\DragMenu.tsx": {"lines":{"total":40,"covered":40,"skipped":0,"pct":100},"functions":{"total":1,"covered":1,"skipped":0,"pct":100},"statements":{"total":40,"covered":40,"skipped":0,"pct":100},"branches":{"total":3,"covered":3,"skipped":0,"pct":100}}
,"D:\\Repos\\TypeScript\\image-grabber-extension\\src\\assets\\components\\ui\\Gallery\\Gallery.tsx": {"lines":{"total":496,"covered":31,"skipped":0,"pct":6.25},"functions":{"total":1,"covered":0,"skipped":0,"pct":0},"statements":{"total":496,"covered":31,"skipped":0,"pct":6.25},"branches":{"total":0,"covered":0,"skipped":0,"pct":100}}
,"D:\\Repos\\TypeScript\\image-grabber-extension\\src\\assets\\components\\ui\\Loader\\Loader.tsx": {"lines":{"total":136,"covered":136,"skipped":0,"pct":100},"functions":{"total":1,"covered":1,"skipped":0,"pct":100},"statements":{"total":136,"covered":136,"skipped":0,"pct":100},"branches":{"total":5,"covered":5,"skipped":0,"pct":100}}
,"D:\\Repos\\TypeScript\\image-grabber-extension\\src\\assets\\components\\ui\\Overlay\\Overlay.tsx": {"lines":{"total":78,"covered":75,"skipped":0,"pct":96.15},"functions":{"total":2,"covered":2,"skipped":0,"pct":100},"statements":{"total":78,"covered":75,"skipped":0,"pct":96.15},"branches":{"total":9,"covered":7,"skipped":0,"pct":77.77}}
,"D:\\Repos\\TypeScript\\image-grabber-extension\\src\\assets\\components\\ui\\ProgressiveImage\\ProgressiveImage.tsx": {"lines":{"total":48,"covered":38,"skipped":0,"pct":79.16},"functions":{"total":3,"covered":2,"skipped":0,"pct":66.66},"statements":{"total":48,"covered":38,"skipped":0,"pct":79.16},"branches":{"total":7,"covered":7,"skipped":0,"pct":100}}
,"D:\\Repos\\TypeScript\\image-grabber-extension\\src\\assets\\components\\ui\\Radio\\Radio.tsx": {"lines":{"total":100,"covered":100,"skipped":0,"pct":100},"functions":{"total":1,"covered":1,"skipped":0,"pct":100},"statements":{"total":100,"covered":100,"skipped":0,"pct":100},"branches":{"total":1,"covered":1,"skipped":0,"pct":100}}
,"D:\\Repos\\TypeScript\\image-grabber-extension\\src\\assets\\components\\ui\\RunningLine\\RunningLine.tsx": {"lines":{"total":57,"covered":57,"skipped":0,"pct":100},"functions":{"total":1,"covered":1,"skipped":0,"pct":100},"statements":{"total":57,"covered":57,"skipped":0,"pct":100},"branches":{"total":3,"covered":3,"skipped":0,"pct":100}}
,"D:\\Repos\\TypeScript\\image-grabber-extension\\src\\assets\\components\\ui\\UiContainer\\UiContainer.tsx": {"lines":{"total":40,"covered":40,"skipped":0,"pct":100},"functions":{"total":4,"covered":4,"skipped":0,"pct":100},"statements":{"total":40,"covered":40,"skipped":0,"pct":100},"branches":{"total":4,"covered":4,"skipped":0,"pct":100}}
,"D:\\Repos\\TypeScript\\image-grabber-extension\\src\\assets\\components\\ui\\UiGrid\\UiGrid.tsx": {"lines":{"total":70,"covered":70,"skipped":0,"pct":100},"functions":{"total":3,"covered":3,"skipped":0,"pct":100},"statements":{"total":70,"covered":70,"skipped":0,"pct":100},"branches":{"total":3,"covered":3,"skipped":0,"pct":100}}
,"D:\\Repos\\TypeScript\\image-grabber-extension\\src\\assets\\components\\ui\\masonry\\Block\\Block.tsx": {"lines":{"total":28,"covered":28,"skipped":0,"pct":100},"functions":{"total":1,"covered":1,"skipped":0,"pct":100},"statements":{"total":28,"covered":28,"skipped":0,"pct":100},"branches":{"total":1,"covered":1,"skipped":0,"pct":100}}
,"D:\\Repos\\TypeScript\\image-grabber-extension\\src\\assets\\components\\ui\\masonry\\Column\\Column.tsx": {"lines":{"total":28,"covered":28,"skipped":0,"pct":100},"functions":{"total":1,"covered":1,"skipped":0,"pct":100},"statements":{"total":28,"covered":28,"skipped":0,"pct":100},"branches":{"total":1,"covered":1,"skipped":0,"pct":100}}
,"D:\\Repos\\TypeScript\\image-grabber-extension\\src\\assets\\components\\ui\\masonry\\Masonry\\Masonry.tsx": {"lines":{"total":53,"covered":53,"skipped":0,"pct":100},"functions":{"total":1,"covered":1,"skipped":0,"pct":100},"statements":{"total":53,"covered":53,"skipped":0,"pct":100},"branches":{"total":3,"covered":3,"skipped":0,"pct":100}}
,"D:\\Repos\\TypeScript\\image-grabber-extension\\src\\assets\\errors\\ArgumentError.ts": {"lines":{"total":15,"covered":15,"skipped":0,"pct":100},"functions":{"total":1,"covered":1,"skipped":0,"pct":100},"statements":{"total":15,"covered":15,"skipped":0,"pct":100},"branches":{"total":1,"covered":1,"skipped":0,"pct":100}}
,"D:\\Repos\\TypeScript\\image-grabber-extension\\src\\assets\\hooks\\useAppSettings.ts": {"lines":{"total":54,"covered":54,"skipped":0,"pct":100},"functions":{"total":7,"covered":4,"skipped":0,"pct":57.14},"statements":{"total":54,"covered":54,"skipped":0,"pct":100},"branches":{"total":5,"covered":5,"skipped":0,"pct":100}}
,"D:\\Repos\\TypeScript\\image-grabber-extension\\src\\assets\\hooks\\useBodyClassnames.ts": {"lines":{"total":35,"covered":35,"skipped":0,"pct":100},"functions":{"total":1,"covered":1,"skipped":0,"pct":100},"statements":{"total":35,"covered":35,"skipped":0,"pct":100},"branches":{"total":2,"covered":2,"skipped":0,"pct":100}}
,"D:\\Repos\\TypeScript\\image-grabber-extension\\src\\assets\\hooks\\useBoolean.ts": {"lines":{"total":20,"covered":20,"skipped":0,"pct":100},"functions":{"total":1,"covered":1,"skipped":0,"pct":100},"statements":{"total":20,"covered":20,"skipped":0,"pct":100},"branches":{"total":4,"covered":4,"skipped":0,"pct":100}}
,"D:\\Repos\\TypeScript\\image-grabber-extension\\src\\assets\\hooks\\useChromeApi.ts": {"lines":{"total":20,"covered":6,"skipped":0,"pct":30},"functions":{"total":1,"covered":0,"skipped":0,"pct":0},"statements":{"total":20,"covered":6,"skipped":0,"pct":30},"branches":{"total":0,"covered":0,"skipped":0,"pct":100}}
,"D:\\Repos\\TypeScript\\image-grabber-extension\\src\\assets\\hooks\\useEnv.ts": {"lines":{"total":29,"covered":29,"skipped":0,"pct":100},"functions":{"total":1,"covered":1,"skipped":0,"pct":100},"statements":{"total":29,"covered":29,"skipped":0,"pct":100},"branches":{"total":1,"covered":1,"skipped":0,"pct":100}}
,"D:\\Repos\\TypeScript\\image-grabber-extension\\src\\assets\\hooks\\useLocalization.ts": {"lines":{"total":21,"covered":21,"skipped":0,"pct":100},"functions":{"total":1,"covered":1,"skipped":0,"pct":100},"statements":{"total":21,"covered":21,"skipped":0,"pct":100},"branches":{"total":1,"covered":1,"skipped":0,"pct":100}}
,"D:\\Repos\\TypeScript\\image-grabber-extension\\src\\assets\\hooks\\useMessageManager.ts": {"lines":{"total":32,"covered":26,"skipped":0,"pct":81.25},"functions":{"total":3,"covered":1,"skipped":0,"pct":33.33},"statements":{"total":32,"covered":26,"skipped":0,"pct":81.25},"branches":{"total":1,"covered":1,"skipped":0,"pct":100}}
,"D:\\Repos\\TypeScript\\image-grabber-extension\\src\\assets\\localization\\I18Locales.ts": {"lines":{"total":41,"covered":34,"skipped":0,"pct":82.92},"functions":{"total":1,"covered":1,"skipped":0,"pct":100},"statements":{"total":41,"covered":34,"skipped":0,"pct":82.92},"branches":{"total":4,"covered":1,"skipped":0,"pct":25}}
,"D:\\Repos\\TypeScript\\image-grabber-extension\\src\\assets\\pages\\MainPage\\MainPage.tsx": {"lines":{"total":329,"covered":181,"skipped":0,"pct":55.01},"functions":{"total":6,"covered":1,"skipped":0,"pct":16.66},"statements":{"total":329,"covered":181,"skipped":0,"pct":55.01},"branches":{"total":8,"covered":1,"skipped":0,"pct":12.5}}
,"D:\\Repos\\TypeScript\\image-grabber-extension\\src\\assets\\pages\\TestingPage\\TestingPage.tsx": {"lines":{"total":55,"covered":53,"skipped":0,"pct":96.36},"functions":{"total":4,"covered":1,"skipped":0,"pct":25},"statements":{"total":55,"covered":53,"skipped":0,"pct":96.36},"branches":{"total":4,"covered":3,"skipped":0,"pct":75}}
,"D:\\Repos\\TypeScript\\image-grabber-extension\\src\\assets\\providers\\BodyClassnameProvider\\BodyClassnameProvider.tsx": {"lines":{"total":52,"covered":50,"skipped":0,"pct":96.15},"functions":{"total":5,"covered":4,"skipped":0,"pct":80},"statements":{"total":52,"covered":50,"skipped":0,"pct":96.15},"branches":{"total":6,"covered":6,"skipped":0,"pct":100}}
,"D:\\Repos\\TypeScript\\image-grabber-extension\\src\\assets\\providers\\GlobalProvider\\GlobalProvider.tsx": {"lines":{"total":21,"covered":21,"skipped":0,"pct":100},"functions":{"total":1,"covered":1,"skipped":0,"pct":100},"statements":{"total":21,"covered":21,"skipped":0,"pct":100},"branches":{"total":1,"covered":1,"skipped":0,"pct":100}}
,"D:\\Repos\\TypeScript\\image-grabber-extension\\src\\assets\\providers\\SizesProvider\\SizesProvider.tsx": {"lines":{"total":15,"covered":15,"skipped":0,"pct":100},"functions":{"total":1,"covered":1,"skipped":0,"pct":100},"statements":{"total":15,"covered":15,"skipped":0,"pct":100},"branches":{"total":1,"covered":1,"skipped":0,"pct":100}}
,"D:\\Repos\\TypeScript\\image-grabber-extension\\src\\assets\\providers\\ThemeProvider\\ThemeProvider.tsx": {"lines":{"total":19,"covered":19,"skipped":0,"pct":100},"functions":{"total":1,"covered":1,"skipped":0,"pct":100},"statements":{"total":19,"covered":19,"skipped":0,"pct":100},"branches":{"total":2,"covered":2,"skipped":0,"pct":100}}
,"D:\\Repos\\TypeScript\\image-grabber-extension\\src\\assets\\redux\\hooks.ts": {"lines":{"total":13,"covered":13,"skipped":0,"pct":100},"functions":{"total":1,"covered":1,"skipped":0,"pct":100},"statements":{"total":13,"covered":13,"skipped":0,"pct":100},"branches":{"total":1,"covered":1,"skipped":0,"pct":100}}
,"D:\\Repos\\TypeScript\\image-grabber-extension\\src\\assets\\redux\\index.ts": {"lines":{"total":50,"covered":50,"skipped":0,"pct":100},"functions":{"total":1,"covered":1,"skipped":0,"pct":100},"statements":{"total":50,"covered":50,"skipped":0,"pct":100},"branches":{"total":1,"covered":1,"skipped":0,"pct":100}}
,"D:\\Repos\\TypeScript\\image-grabber-extension\\src\\assets\\redux\\reducers\\appSettingsSlice.ts": {"lines":{"total":37,"covered":35,"skipped":0,"pct":94.59},"functions":{"total":2,"covered":1,"skipped":0,"pct":50},"statements":{"total":37,"covered":35,"skipped":0,"pct":94.59},"branches":{"total":1,"covered":1,"skipped":0,"pct":100}}
,"D:\\Repos\\TypeScript\\image-grabber-extension\\src\\assets\\redux\\reducers\\messages.slice.ts": {"lines":{"total":40,"covered":34,"skipped":0,"pct":85},"functions":{"total":2,"covered":0,"skipped":0,"pct":0},"statements":{"total":40,"covered":34,"skipped":0,"pct":85},"branches":{"total":0,"covered":0,"skipped":0,"pct":100}}
,"D:\\Repos\\TypeScript\\image-grabber-extension\\src\\assets\\utils\\getImageColumns.ts": {"lines":{"total":41,"covered":14,"skipped":0,"pct":34.14},"functions":{"total":1,"covered":0,"skipped":0,"pct":0},"statements":{"total":41,"covered":14,"skipped":0,"pct":34.14},"branches":{"total":0,"covered":0,"skipped":0,"pct":100}}
,"D:\\Repos\\TypeScript\\image-grabber-extension\\src\\assets\\utils\\getUiSx.ts": {"lines":{"total":38,"covered":38,"skipped":0,"pct":100},"functions":{"total":2,"covered":2,"skipped":0,"pct":100},"statements":{"total":38,"covered":38,"skipped":0,"pct":100},"branches":{"total":12,"covered":12,"skipped":0,"pct":100}}
,"D:\\Repos\\TypeScript\\image-grabber-extension\\src\\assets\\utils\\isAdvertisement.ts": {"lines":{"total":21,"covered":8,"skipped":0,"pct":38.09},"functions":{"total":1,"covered":0,"skipped":0,"pct":0},"statements":{"total":21,"covered":8,"skipped":0,"pct":38.09},"branches":{"total":0,"covered":0,"skipped":0,"pct":100}}
,"D:\\Repos\\TypeScript\\image-grabber-extension\\src\\assets\\utils\\math-utils.ts": {"lines":{"total":8,"covered":8,"skipped":0,"pct":100},"functions":{"total":1,"covered":1,"skipped":0,"pct":100},"statements":{"total":8,"covered":8,"skipped":0,"pct":100},"branches":{"total":2,"covered":2,"skipped":0,"pct":100}}
,"D:\\Repos\\TypeScript\\image-grabber-extension\\src\\assets\\utils\\numericGenerator.ts": {"lines":{"total":17,"covered":17,"skipped":0,"pct":100},"functions":{"total":1,"covered":1,"skipped":0,"pct":100},"statements":{"total":17,"covered":17,"skipped":0,"pct":100},"branches":{"total":3,"covered":3,"skipped":0,"pct":100}}
,"D:\\Repos\\TypeScript\\image-grabber-extension\\src\\assets\\utils\\renderWithProviders.tsx": {"lines":{"total":94,"covered":94,"skipped":0,"pct":100},"functions":{"total":4,"covered":4,"skipped":0,"pct":100},"statements":{"total":94,"covered":94,"skipped":0,"pct":100},"branches":{"total":7,"covered":7,"skipped":0,"pct":100}}
,"D:\\Repos\\TypeScript\\image-grabber-extension\\src\\assets\\utils\\skipTestCondition.ts": {"lines":{"total":19,"covered":17,"skipped":0,"pct":89.47},"functions":{"total":1,"covered":1,"skipped":0,"pct":100},"statements":{"total":19,"covered":17,"skipped":0,"pct":89.47},"branches":{"total":2,"covered":1,"skipped":0,"pct":50}}
,"D:\\Repos\\TypeScript\\image-grabber-extension\\src\\assets\\utils\\type-checks.ts": {"lines":{"total":26,"covered":24,"skipped":0,"pct":92.3},"functions":{"total":2,"covered":1,"skipped":0,"pct":50},"statements":{"total":26,"covered":24,"skipped":0,"pct":92.3},"branches":{"total":1,"covered":1,"skipped":0,"pct":100}}
}
